<?xml version="1.0" encoding="UTF-8"?>
<robot generator="Robot 6.1.1 (Python 3.10.11 on win32)" generated="20230809 22:56:56.075" rpa="false" schemaversion="4">
<suite id="s1" name="testePHA" source="C:\Users\kassi\OneDrive\Área de Trabalho\DESAFIO PHA\testepha\testePHA.robot">
<test id="s1-t1" name="Meu teste imprimindo um dicionário de pessoa" line="15">
<kw name="Logar no terminal um dicionário">
<kw name="Log To Console" library="BuiltIn">
<arg>Nome:${PESSOA.nome}</arg>
<doc>Logs the given message to the console.</doc>
<status status="PASS" starttime="20230809 22:56:56.113" endtime="20230809 22:56:56.117"/>
</kw>
<kw name="Log To Console" library="BuiltIn">
<arg>idade:${PESSOA.idade}</arg>
<doc>Logs the given message to the console.</doc>
<status status="PASS" starttime="20230809 22:56:56.117" endtime="20230809 22:56:56.117"/>
</kw>
<kw name="Log To Console" library="BuiltIn">
<arg>rua:${PESSOA.rua}</arg>
<doc>Logs the given message to the console.</doc>
<status status="PASS" starttime="20230809 22:56:56.117" endtime="20230809 22:56:56.117"/>
</kw>
<kw name="Log To Console" library="BuiltIn">
<arg>numero:${PESSOA.numero}</arg>
<doc>Logs the given message to the console.</doc>
<status status="PASS" starttime="20230809 22:56:56.117" endtime="20230809 22:56:56.119"/>
</kw>
<kw name="Log To Console" library="BuiltIn">
<arg>cep:${PESSOA.cep}</arg>
<doc>Logs the given message to the console.</doc>
<status status="PASS" starttime="20230809 22:56:56.119" endtime="20230809 22:56:56.120"/>
</kw>
<kw name="Log To Console" library="BuiltIn">
<arg>bairo:${PESSOA.bairro}</arg>
<doc>Logs the given message to the console.</doc>
<status status="PASS" starttime="20230809 22:56:56.120" endtime="20230809 22:56:56.121"/>
</kw>
<kw name="Log To Console" library="BuiltIn">
<arg>cidade:${PESSOA.cidade}</arg>
<doc>Logs the given message to the console.</doc>
<status status="PASS" starttime="20230809 22:56:56.121" endtime="20230809 22:56:56.121"/>
</kw>
<kw name="Log To Console" library="BuiltIn">
<arg>estado:${PESSOA.estado}</arg>
<doc>Logs the given message to the console.</doc>
<status status="PASS" starttime="20230809 22:56:56.121" endtime="20230809 22:56:56.123"/>
</kw>
<status status="PASS" starttime="20230809 22:56:56.113" endtime="20230809 22:56:56.123"/>
</kw>
<status status="PASS" starttime="20230809 22:56:56.113" endtime="20230809 22:56:56.123"/>
</test>
<test id="s1-t2" name="Meu teste de Argumentos e Retornos e If Simples" line="18">
<kw name="Logar no terminal uma mensagem de acordo com o ano de nascimento">
<kw name="Evaluate" library="BuiltIn">
<var>${result}</var>
<arg>int(${ano}) - int(${idade})</arg>
<doc>Evaluates the given expression in Python and returns the result.</doc>
<msg timestamp="20230809 22:56:56.131" level="INFO">${result} = 1995</msg>
<status status="PASS" starttime="20230809 22:56:56.131" endtime="20230809 22:56:56.131"/>
</kw>
<if>
<branch type="IF" condition="&quot;${idade}&quot; &gt;= &quot;23&quot;">
<kw name="Log To Console" library="BuiltIn">
<arg>Você nasceu no século passado: ${result}</arg>
<doc>Logs the given message to the console.</doc>
<status status="PASS" starttime="20230809 22:56:56.132" endtime="20230809 22:56:56.133"/>
</kw>
<status status="PASS" starttime="20230809 22:56:56.131" endtime="20230809 22:56:56.133"/>
</branch>
<branch type="ELSE">
<kw name="Log To Console" library="BuiltIn">
<arg>Seu ano de nascimento foi: ${result}</arg>
<doc>Logs the given message to the console.</doc>
<status status="NOT RUN" starttime="20230809 22:56:56.133" endtime="20230809 22:56:56.133"/>
</kw>
<status status="NOT RUN" starttime="20230809 22:56:56.133" endtime="20230809 22:56:56.133"/>
</branch>
<status status="PASS" starttime="20230809 22:56:56.131" endtime="20230809 22:56:56.133"/>
</if>
<status status="PASS" starttime="20230809 22:56:56.130" endtime="20230809 22:56:56.133"/>
</kw>
<status status="PASS" starttime="20230809 22:56:56.126" endtime="20230809 22:56:56.133"/>
</test>
<test id="s1-t3" name="Meu teste de for simples e lista de frutas" line="21">
<kw name="Logar no terminal uma lista de frutas">
<kw name="Log To Console" library="BuiltIn">
<arg>Lista de frutas</arg>
<doc>Logs the given message to the console.</doc>
<status status="PASS" starttime="20230809 22:56:56.137" endtime="20230809 22:56:56.137"/>
</kw>
<for flavor="IN">
<var>${fruta}</var>
<value>@{FRUTAS}</value>
<iter>
<var name="${fruta}">banana</var>
<kw name="Log To Console" library="BuiltIn">
<arg>${fruta}</arg>
<doc>Logs the given message to the console.</doc>
<status status="PASS" starttime="20230809 22:56:56.137" endtime="20230809 22:56:56.138"/>
</kw>
<status status="PASS" starttime="20230809 22:56:56.137" endtime="20230809 22:56:56.138"/>
</iter>
<iter>
<var name="${fruta}">abacaxi</var>
<kw name="Log To Console" library="BuiltIn">
<arg>${fruta}</arg>
<doc>Logs the given message to the console.</doc>
<status status="PASS" starttime="20230809 22:56:56.139" endtime="20230809 22:56:56.139"/>
</kw>
<status status="PASS" starttime="20230809 22:56:56.138" endtime="20230809 22:56:56.139"/>
</iter>
<iter>
<var name="${fruta}">morango</var>
<kw name="Log To Console" library="BuiltIn">
<arg>${fruta}</arg>
<doc>Logs the given message to the console.</doc>
<status status="PASS" starttime="20230809 22:56:56.139" endtime="20230809 22:56:56.139"/>
</kw>
<status status="PASS" starttime="20230809 22:56:56.139" endtime="20230809 22:56:56.139"/>
</iter>
<iter>
<var name="${fruta}">maça</var>
<kw name="Log To Console" library="BuiltIn">
<arg>${fruta}</arg>
<doc>Logs the given message to the console.</doc>
<status status="PASS" starttime="20230809 22:56:56.140" endtime="20230809 22:56:56.143"/>
</kw>
<status status="PASS" starttime="20230809 22:56:56.139" endtime="20230809 22:56:56.143"/>
</iter>
<status status="PASS" starttime="20230809 22:56:56.137" endtime="20230809 22:56:56.143"/>
</for>
<status status="PASS" starttime="20230809 22:56:56.136" endtime="20230809 22:56:56.143"/>
</kw>
<status status="PASS" starttime="20230809 22:56:56.136" endtime="20230809 22:56:56.143"/>
</test>
<test id="s1-t4" name="Meu teste de loop contar números pares" line="24">
<kw name="Logar no terminal números pares">
<for flavor="IN">
<var>${num}</var>
<value>@{LIST0A10}</value>
<iter>
<var name="${num}">0</var>
<kw name="Evaluate" library="BuiltIn">
<var>${result}</var>
<arg>int(${num})%int(2)</arg>
<doc>Evaluates the given expression in Python and returns the result.</doc>
<msg timestamp="20230809 22:56:56.147" level="INFO">${result} = 0</msg>
<status status="PASS" starttime="20230809 22:56:56.146" endtime="20230809 22:56:56.147"/>
</kw>
<if>
<branch type="IF" condition="int(0)==${result}">
<kw name="Log To Console" library="BuiltIn">
<arg>${num}</arg>
<doc>Logs the given message to the console.</doc>
<status status="PASS" starttime="20230809 22:56:56.147" endtime="20230809 22:56:56.147"/>
</kw>
<status status="PASS" starttime="20230809 22:56:56.147" endtime="20230809 22:56:56.147"/>
</branch>
<status status="PASS" starttime="20230809 22:56:56.147" endtime="20230809 22:56:56.147"/>
</if>
<status status="PASS" starttime="20230809 22:56:56.146" endtime="20230809 22:56:56.148"/>
</iter>
<iter>
<var name="${num}">1</var>
<kw name="Evaluate" library="BuiltIn">
<var>${result}</var>
<arg>int(${num})%int(2)</arg>
<doc>Evaluates the given expression in Python and returns the result.</doc>
<msg timestamp="20230809 22:56:56.148" level="INFO">${result} = 1</msg>
<status status="PASS" starttime="20230809 22:56:56.148" endtime="20230809 22:56:56.148"/>
</kw>
<if>
<branch type="IF" condition="int(0)==${result}">
<kw name="Log To Console" library="BuiltIn">
<arg>${num}</arg>
<doc>Logs the given message to the console.</doc>
<status status="NOT RUN" starttime="20230809 22:56:56.148" endtime="20230809 22:56:56.148"/>
</kw>
<status status="NOT RUN" starttime="20230809 22:56:56.148" endtime="20230809 22:56:56.148"/>
</branch>
<status status="PASS" starttime="20230809 22:56:56.148" endtime="20230809 22:56:56.148"/>
</if>
<status status="PASS" starttime="20230809 22:56:56.148" endtime="20230809 22:56:56.148"/>
</iter>
<iter>
<var name="${num}">2</var>
<kw name="Evaluate" library="BuiltIn">
<var>${result}</var>
<arg>int(${num})%int(2)</arg>
<doc>Evaluates the given expression in Python and returns the result.</doc>
<msg timestamp="20230809 22:56:56.149" level="INFO">${result} = 0</msg>
<status status="PASS" starttime="20230809 22:56:56.149" endtime="20230809 22:56:56.149"/>
</kw>
<if>
<branch type="IF" condition="int(0)==${result}">
<kw name="Log To Console" library="BuiltIn">
<arg>${num}</arg>
<doc>Logs the given message to the console.</doc>
<status status="PASS" starttime="20230809 22:56:56.149" endtime="20230809 22:56:56.150"/>
</kw>
<status status="PASS" starttime="20230809 22:56:56.149" endtime="20230809 22:56:56.150"/>
</branch>
<status status="PASS" starttime="20230809 22:56:56.149" endtime="20230809 22:56:56.150"/>
</if>
<status status="PASS" starttime="20230809 22:56:56.149" endtime="20230809 22:56:56.150"/>
</iter>
<iter>
<var name="${num}">3</var>
<kw name="Evaluate" library="BuiltIn">
<var>${result}</var>
<arg>int(${num})%int(2)</arg>
<doc>Evaluates the given expression in Python and returns the result.</doc>
<msg timestamp="20230809 22:56:56.150" level="INFO">${result} = 1</msg>
<status status="PASS" starttime="20230809 22:56:56.150" endtime="20230809 22:56:56.150"/>
</kw>
<if>
<branch type="IF" condition="int(0)==${result}">
<kw name="Log To Console" library="BuiltIn">
<arg>${num}</arg>
<doc>Logs the given message to the console.</doc>
<status status="NOT RUN" starttime="20230809 22:56:56.150" endtime="20230809 22:56:56.151"/>
</kw>
<status status="NOT RUN" starttime="20230809 22:56:56.150" endtime="20230809 22:56:56.151"/>
</branch>
<status status="PASS" starttime="20230809 22:56:56.150" endtime="20230809 22:56:56.151"/>
</if>
<status status="PASS" starttime="20230809 22:56:56.150" endtime="20230809 22:56:56.151"/>
</iter>
<iter>
<var name="${num}">4</var>
<kw name="Evaluate" library="BuiltIn">
<var>${result}</var>
<arg>int(${num})%int(2)</arg>
<doc>Evaluates the given expression in Python and returns the result.</doc>
<msg timestamp="20230809 22:56:56.151" level="INFO">${result} = 0</msg>
<status status="PASS" starttime="20230809 22:56:56.151" endtime="20230809 22:56:56.151"/>
</kw>
<if>
<branch type="IF" condition="int(0)==${result}">
<kw name="Log To Console" library="BuiltIn">
<arg>${num}</arg>
<doc>Logs the given message to the console.</doc>
<status status="PASS" starttime="20230809 22:56:56.151" endtime="20230809 22:56:56.151"/>
</kw>
<status status="PASS" starttime="20230809 22:56:56.151" endtime="20230809 22:56:56.151"/>
</branch>
<status status="PASS" starttime="20230809 22:56:56.151" endtime="20230809 22:56:56.151"/>
</if>
<status status="PASS" starttime="20230809 22:56:56.151" endtime="20230809 22:56:56.151"/>
</iter>
<iter>
<var name="${num}">5</var>
<kw name="Evaluate" library="BuiltIn">
<var>${result}</var>
<arg>int(${num})%int(2)</arg>
<doc>Evaluates the given expression in Python and returns the result.</doc>
<msg timestamp="20230809 22:56:56.153" level="INFO">${result} = 1</msg>
<status status="PASS" starttime="20230809 22:56:56.151" endtime="20230809 22:56:56.153"/>
</kw>
<if>
<branch type="IF" condition="int(0)==${result}">
<kw name="Log To Console" library="BuiltIn">
<arg>${num}</arg>
<doc>Logs the given message to the console.</doc>
<status status="NOT RUN" starttime="20230809 22:56:56.153" endtime="20230809 22:56:56.153"/>
</kw>
<status status="NOT RUN" starttime="20230809 22:56:56.153" endtime="20230809 22:56:56.153"/>
</branch>
<status status="PASS" starttime="20230809 22:56:56.153" endtime="20230809 22:56:56.153"/>
</if>
<status status="PASS" starttime="20230809 22:56:56.151" endtime="20230809 22:56:56.153"/>
</iter>
<iter>
<var name="${num}">6</var>
<kw name="Evaluate" library="BuiltIn">
<var>${result}</var>
<arg>int(${num})%int(2)</arg>
<doc>Evaluates the given expression in Python and returns the result.</doc>
<msg timestamp="20230809 22:56:56.153" level="INFO">${result} = 0</msg>
<status status="PASS" starttime="20230809 22:56:56.153" endtime="20230809 22:56:56.153"/>
</kw>
<if>
<branch type="IF" condition="int(0)==${result}">
<kw name="Log To Console" library="BuiltIn">
<arg>${num}</arg>
<doc>Logs the given message to the console.</doc>
<status status="PASS" starttime="20230809 22:56:56.154" endtime="20230809 22:56:56.154"/>
</kw>
<status status="PASS" starttime="20230809 22:56:56.153" endtime="20230809 22:56:56.154"/>
</branch>
<status status="PASS" starttime="20230809 22:56:56.153" endtime="20230809 22:56:56.154"/>
</if>
<status status="PASS" starttime="20230809 22:56:56.153" endtime="20230809 22:56:56.154"/>
</iter>
<iter>
<var name="${num}">7</var>
<kw name="Evaluate" library="BuiltIn">
<var>${result}</var>
<arg>int(${num})%int(2)</arg>
<doc>Evaluates the given expression in Python and returns the result.</doc>
<msg timestamp="20230809 22:56:56.154" level="INFO">${result} = 1</msg>
<status status="PASS" starttime="20230809 22:56:56.154" endtime="20230809 22:56:56.154"/>
</kw>
<if>
<branch type="IF" condition="int(0)==${result}">
<kw name="Log To Console" library="BuiltIn">
<arg>${num}</arg>
<doc>Logs the given message to the console.</doc>
<status status="NOT RUN" starttime="20230809 22:56:56.154" endtime="20230809 22:56:56.154"/>
</kw>
<status status="NOT RUN" starttime="20230809 22:56:56.154" endtime="20230809 22:56:56.154"/>
</branch>
<status status="PASS" starttime="20230809 22:56:56.154" endtime="20230809 22:56:56.154"/>
</if>
<status status="PASS" starttime="20230809 22:56:56.154" endtime="20230809 22:56:56.155"/>
</iter>
<iter>
<var name="${num}">8</var>
<kw name="Evaluate" library="BuiltIn">
<var>${result}</var>
<arg>int(${num})%int(2)</arg>
<doc>Evaluates the given expression in Python and returns the result.</doc>
<msg timestamp="20230809 22:56:56.155" level="INFO">${result} = 0</msg>
<status status="PASS" starttime="20230809 22:56:56.155" endtime="20230809 22:56:56.155"/>
</kw>
<if>
<branch type="IF" condition="int(0)==${result}">
<kw name="Log To Console" library="BuiltIn">
<arg>${num}</arg>
<doc>Logs the given message to the console.</doc>
<status status="PASS" starttime="20230809 22:56:56.155" endtime="20230809 22:56:56.156"/>
</kw>
<status status="PASS" starttime="20230809 22:56:56.155" endtime="20230809 22:56:56.156"/>
</branch>
<status status="PASS" starttime="20230809 22:56:56.155" endtime="20230809 22:56:56.156"/>
</if>
<status status="PASS" starttime="20230809 22:56:56.155" endtime="20230809 22:56:56.157"/>
</iter>
<iter>
<var name="${num}">9</var>
<kw name="Evaluate" library="BuiltIn">
<var>${result}</var>
<arg>int(${num})%int(2)</arg>
<doc>Evaluates the given expression in Python and returns the result.</doc>
<msg timestamp="20230809 22:56:56.157" level="INFO">${result} = 1</msg>
<status status="PASS" starttime="20230809 22:56:56.157" endtime="20230809 22:56:56.157"/>
</kw>
<if>
<branch type="IF" condition="int(0)==${result}">
<kw name="Log To Console" library="BuiltIn">
<arg>${num}</arg>
<doc>Logs the given message to the console.</doc>
<status status="NOT RUN" starttime="20230809 22:56:56.159" endtime="20230809 22:56:56.159"/>
</kw>
<status status="NOT RUN" starttime="20230809 22:56:56.157" endtime="20230809 22:56:56.159"/>
</branch>
<status status="PASS" starttime="20230809 22:56:56.157" endtime="20230809 22:56:56.159"/>
</if>
<status status="PASS" starttime="20230809 22:56:56.157" endtime="20230809 22:56:56.159"/>
</iter>
<iter>
<var name="${num}">10</var>
<kw name="Evaluate" library="BuiltIn">
<var>${result}</var>
<arg>int(${num})%int(2)</arg>
<doc>Evaluates the given expression in Python and returns the result.</doc>
<msg timestamp="20230809 22:56:56.161" level="INFO">${result} = 0</msg>
<status status="PASS" starttime="20230809 22:56:56.160" endtime="20230809 22:56:56.161"/>
</kw>
<if>
<branch type="IF" condition="int(0)==${result}">
<kw name="Log To Console" library="BuiltIn">
<arg>${num}</arg>
<doc>Logs the given message to the console.</doc>
<status status="PASS" starttime="20230809 22:56:56.161" endtime="20230809 22:56:56.163"/>
</kw>
<status status="PASS" starttime="20230809 22:56:56.161" endtime="20230809 22:56:56.163"/>
</branch>
<status status="PASS" starttime="20230809 22:56:56.161" endtime="20230809 22:56:56.163"/>
</if>
<status status="PASS" starttime="20230809 22:56:56.160" endtime="20230809 22:56:56.163"/>
</iter>
<status status="PASS" starttime="20230809 22:56:56.146" endtime="20230809 22:56:56.163"/>
</for>
<status status="PASS" starttime="20230809 22:56:56.146" endtime="20230809 22:56:56.163"/>
</kw>
<status status="PASS" starttime="20230809 22:56:56.146" endtime="20230809 22:56:56.164"/>
</test>
<doc>Meu teste de automação com dicionário, Argumentos e Retornos, If Simples, For Simples, Lista, If Inline e For in Range.</doc>
<status status="PASS" starttime="20230809 22:56:56.077" endtime="20230809 22:56:56.165"/>
</suite>
<statistics>
<total>
<stat pass="4" fail="0" skip="0">All Tests</stat>
</total>
<tag>
</tag>
<suite>
<stat pass="4" fail="0" skip="0" id="s1" name="testePHA">testePHA</stat>
</suite>
</statistics>
<errors>
</errors>
</robot>
