<?xml version="1.0" encoding="UTF-8"?>
<robot generator="Robot 6.1.1 (Python 3.11.4 on win32)" generated="20230815 20:59:42.598" rpa="false" schemaversion="4">
<suite id="s1" name="testePHA" source="c:\Users\kassi\OneDrive\Área de Trabalho\DESAFIO PHA\testepha\testePHA.robot">
<test id="s1-t1" name="Meu teste de loop contar números pares" line="25">
<kw name="Logar no terminal números pares">
<for flavor="IN RANGE">
<var>${num}</var>
<value>11</value>
<iter>
<var name="${num}">0</var>
<kw name="Evaluate" library="BuiltIn">
<var>${result}</var>
<arg>int(${num})%int(2)</arg>
<doc>Evaluates the given expression in Python and returns the result.</doc>
<msg timestamp="20230815 20:59:42.643" level="INFO">${result} = 0</msg>
<status status="PASS" starttime="20230815 20:59:42.642" endtime="20230815 20:59:42.645"/>
</kw>
<if>
<branch type="IF" condition="int(0)==${result}">
<kw name="Log To Console" library="BuiltIn">
<arg>${num}</arg>
<doc>Logs the given message to the console.</doc>
<status status="PASS" starttime="20230815 20:59:42.645" endtime="20230815 20:59:42.646"/>
</kw>
<status status="PASS" starttime="20230815 20:59:42.645" endtime="20230815 20:59:42.646"/>
</branch>
<status status="PASS" starttime="20230815 20:59:42.645" endtime="20230815 20:59:42.647"/>
</if>
<status status="PASS" starttime="20230815 20:59:42.642" endtime="20230815 20:59:42.647"/>
</iter>
<iter>
<var name="${num}">1</var>
<kw name="Evaluate" library="BuiltIn">
<var>${result}</var>
<arg>int(${num})%int(2)</arg>
<doc>Evaluates the given expression in Python and returns the result.</doc>
<msg timestamp="20230815 20:59:42.648" level="INFO">${result} = 1</msg>
<status status="PASS" starttime="20230815 20:59:42.647" endtime="20230815 20:59:42.648"/>
</kw>
<if>
<branch type="IF" condition="int(0)==${result}">
<kw name="Log To Console" library="BuiltIn">
<arg>${num}</arg>
<doc>Logs the given message to the console.</doc>
<status status="NOT RUN" starttime="20230815 20:59:42.649" endtime="20230815 20:59:42.649"/>
</kw>
<status status="NOT RUN" starttime="20230815 20:59:42.648" endtime="20230815 20:59:42.649"/>
</branch>
<status status="PASS" starttime="20230815 20:59:42.648" endtime="20230815 20:59:42.649"/>
</if>
<status status="PASS" starttime="20230815 20:59:42.647" endtime="20230815 20:59:42.649"/>
</iter>
<iter>
<var name="${num}">2</var>
<kw name="Evaluate" library="BuiltIn">
<var>${result}</var>
<arg>int(${num})%int(2)</arg>
<doc>Evaluates the given expression in Python and returns the result.</doc>
<msg timestamp="20230815 20:59:42.650" level="INFO">${result} = 0</msg>
<status status="PASS" starttime="20230815 20:59:42.649" endtime="20230815 20:59:42.650"/>
</kw>
<if>
<branch type="IF" condition="int(0)==${result}">
<kw name="Log To Console" library="BuiltIn">
<arg>${num}</arg>
<doc>Logs the given message to the console.</doc>
<status status="PASS" starttime="20230815 20:59:42.650" endtime="20230815 20:59:42.652"/>
</kw>
<status status="PASS" starttime="20230815 20:59:42.650" endtime="20230815 20:59:42.653"/>
</branch>
<status status="PASS" starttime="20230815 20:59:42.650" endtime="20230815 20:59:42.653"/>
</if>
<status status="PASS" starttime="20230815 20:59:42.649" endtime="20230815 20:59:42.653"/>
</iter>
<iter>
<var name="${num}">3</var>
<kw name="Evaluate" library="BuiltIn">
<var>${result}</var>
<arg>int(${num})%int(2)</arg>
<doc>Evaluates the given expression in Python and returns the result.</doc>
<msg timestamp="20230815 20:59:42.654" level="INFO">${result} = 1</msg>
<status status="PASS" starttime="20230815 20:59:42.654" endtime="20230815 20:59:42.655"/>
</kw>
<if>
<branch type="IF" condition="int(0)==${result}">
<kw name="Log To Console" library="BuiltIn">
<arg>${num}</arg>
<doc>Logs the given message to the console.</doc>
<status status="NOT RUN" starttime="20230815 20:59:42.655" endtime="20230815 20:59:42.655"/>
</kw>
<status status="NOT RUN" starttime="20230815 20:59:42.655" endtime="20230815 20:59:42.656"/>
</branch>
<status status="PASS" starttime="20230815 20:59:42.655" endtime="20230815 20:59:42.656"/>
</if>
<status status="PASS" starttime="20230815 20:59:42.653" endtime="20230815 20:59:42.656"/>
</iter>
<iter>
<var name="${num}">4</var>
<kw name="Evaluate" library="BuiltIn">
<var>${result}</var>
<arg>int(${num})%int(2)</arg>
<doc>Evaluates the given expression in Python and returns the result.</doc>
<msg timestamp="20230815 20:59:42.657" level="INFO">${result} = 0</msg>
<status status="PASS" starttime="20230815 20:59:42.657" endtime="20230815 20:59:42.657"/>
</kw>
<if>
<branch type="IF" condition="int(0)==${result}">
<kw name="Log To Console" library="BuiltIn">
<arg>${num}</arg>
<doc>Logs the given message to the console.</doc>
<status status="PASS" starttime="20230815 20:59:42.658" endtime="20230815 20:59:42.659"/>
</kw>
<status status="PASS" starttime="20230815 20:59:42.657" endtime="20230815 20:59:42.659"/>
</branch>
<status status="PASS" starttime="20230815 20:59:42.657" endtime="20230815 20:59:42.659"/>
</if>
<status status="PASS" starttime="20230815 20:59:42.656" endtime="20230815 20:59:42.659"/>
</iter>
<iter>
<var name="${num}">5</var>
<kw name="Evaluate" library="BuiltIn">
<var>${result}</var>
<arg>int(${num})%int(2)</arg>
<doc>Evaluates the given expression in Python and returns the result.</doc>
<msg timestamp="20230815 20:59:42.660" level="INFO">${result} = 1</msg>
<status status="PASS" starttime="20230815 20:59:42.660" endtime="20230815 20:59:42.660"/>
</kw>
<if>
<branch type="IF" condition="int(0)==${result}">
<kw name="Log To Console" library="BuiltIn">
<arg>${num}</arg>
<doc>Logs the given message to the console.</doc>
<status status="NOT RUN" starttime="20230815 20:59:42.661" endtime="20230815 20:59:42.661"/>
</kw>
<status status="NOT RUN" starttime="20230815 20:59:42.661" endtime="20230815 20:59:42.661"/>
</branch>
<status status="PASS" starttime="20230815 20:59:42.661" endtime="20230815 20:59:42.663"/>
</if>
<status status="PASS" starttime="20230815 20:59:42.660" endtime="20230815 20:59:42.663"/>
</iter>
<iter>
<var name="${num}">6</var>
<kw name="Evaluate" library="BuiltIn">
<var>${result}</var>
<arg>int(${num})%int(2)</arg>
<doc>Evaluates the given expression in Python and returns the result.</doc>
<msg timestamp="20230815 20:59:42.663" level="INFO">${result} = 0</msg>
<status status="PASS" starttime="20230815 20:59:42.663" endtime="20230815 20:59:42.664"/>
</kw>
<if>
<branch type="IF" condition="int(0)==${result}">
<kw name="Log To Console" library="BuiltIn">
<arg>${num}</arg>
<doc>Logs the given message to the console.</doc>
<status status="PASS" starttime="20230815 20:59:42.664" endtime="20230815 20:59:42.664"/>
</kw>
<status status="PASS" starttime="20230815 20:59:42.664" endtime="20230815 20:59:42.664"/>
</branch>
<status status="PASS" starttime="20230815 20:59:42.664" endtime="20230815 20:59:42.665"/>
</if>
<status status="PASS" starttime="20230815 20:59:42.663" endtime="20230815 20:59:42.665"/>
</iter>
<iter>
<var name="${num}">7</var>
<kw name="Evaluate" library="BuiltIn">
<var>${result}</var>
<arg>int(${num})%int(2)</arg>
<doc>Evaluates the given expression in Python and returns the result.</doc>
<msg timestamp="20230815 20:59:42.666" level="INFO">${result} = 1</msg>
<status status="PASS" starttime="20230815 20:59:42.665" endtime="20230815 20:59:42.667"/>
</kw>
<if>
<branch type="IF" condition="int(0)==${result}">
<kw name="Log To Console" library="BuiltIn">
<arg>${num}</arg>
<doc>Logs the given message to the console.</doc>
<status status="NOT RUN" starttime="20230815 20:59:42.667" endtime="20230815 20:59:42.667"/>
</kw>
<status status="NOT RUN" starttime="20230815 20:59:42.667" endtime="20230815 20:59:42.668"/>
</branch>
<status status="PASS" starttime="20230815 20:59:42.667" endtime="20230815 20:59:42.668"/>
</if>
<status status="PASS" starttime="20230815 20:59:42.665" endtime="20230815 20:59:42.668"/>
</iter>
<iter>
<var name="${num}">8</var>
<kw name="Evaluate" library="BuiltIn">
<var>${result}</var>
<arg>int(${num})%int(2)</arg>
<doc>Evaluates the given expression in Python and returns the result.</doc>
<msg timestamp="20230815 20:59:42.669" level="INFO">${result} = 0</msg>
<status status="PASS" starttime="20230815 20:59:42.668" endtime="20230815 20:59:42.669"/>
</kw>
<if>
<branch type="IF" condition="int(0)==${result}">
<kw name="Log To Console" library="BuiltIn">
<arg>${num}</arg>
<doc>Logs the given message to the console.</doc>
<status status="PASS" starttime="20230815 20:59:42.669" endtime="20230815 20:59:42.670"/>
</kw>
<status status="PASS" starttime="20230815 20:59:42.669" endtime="20230815 20:59:42.670"/>
</branch>
<status status="PASS" starttime="20230815 20:59:42.669" endtime="20230815 20:59:42.670"/>
</if>
<status status="PASS" starttime="20230815 20:59:42.668" endtime="20230815 20:59:42.672"/>
</iter>
<iter>
<var name="${num}">9</var>
<kw name="Evaluate" library="BuiltIn">
<var>${result}</var>
<arg>int(${num})%int(2)</arg>
<doc>Evaluates the given expression in Python and returns the result.</doc>
<msg timestamp="20230815 20:59:42.672" level="INFO">${result} = 1</msg>
<status status="PASS" starttime="20230815 20:59:42.672" endtime="20230815 20:59:42.673"/>
</kw>
<if>
<branch type="IF" condition="int(0)==${result}">
<kw name="Log To Console" library="BuiltIn">
<arg>${num}</arg>
<doc>Logs the given message to the console.</doc>
<status status="NOT RUN" starttime="20230815 20:59:42.673" endtime="20230815 20:59:42.673"/>
</kw>
<status status="NOT RUN" starttime="20230815 20:59:42.673" endtime="20230815 20:59:42.673"/>
</branch>
<status status="PASS" starttime="20230815 20:59:42.673" endtime="20230815 20:59:42.673"/>
</if>
<status status="PASS" starttime="20230815 20:59:42.672" endtime="20230815 20:59:42.673"/>
</iter>
<iter>
<var name="${num}">10</var>
<kw name="Evaluate" library="BuiltIn">
<var>${result}</var>
<arg>int(${num})%int(2)</arg>
<doc>Evaluates the given expression in Python and returns the result.</doc>
<msg timestamp="20230815 20:59:42.675" level="INFO">${result} = 0</msg>
<status status="PASS" starttime="20230815 20:59:42.674" endtime="20230815 20:59:42.675"/>
</kw>
<if>
<branch type="IF" condition="int(0)==${result}">
<kw name="Log To Console" library="BuiltIn">
<arg>${num}</arg>
<doc>Logs the given message to the console.</doc>
<status status="PASS" starttime="20230815 20:59:42.675" endtime="20230815 20:59:42.676"/>
</kw>
<status status="PASS" starttime="20230815 20:59:42.675" endtime="20230815 20:59:42.676"/>
</branch>
<status status="PASS" starttime="20230815 20:59:42.675" endtime="20230815 20:59:42.677"/>
</if>
<status status="PASS" starttime="20230815 20:59:42.674" endtime="20230815 20:59:42.677"/>
</iter>
<status status="PASS" starttime="20230815 20:59:42.642" endtime="20230815 20:59:42.677"/>
</for>
<status status="PASS" starttime="20230815 20:59:42.640" endtime="20230815 20:59:42.677"/>
</kw>
<status status="PASS" starttime="20230815 20:59:42.639" endtime="20230815 20:59:42.677"/>
</test>
<doc>Meu teste de automação com dicionário, Argumentos e Retornos, If Simples, For Simples, Lista, If Inline e For in Range.</doc>
<status status="PASS" starttime="20230815 20:59:42.605" endtime="20230815 20:59:42.680"/>
</suite>
<statistics>
<total>
<stat pass="1" fail="0" skip="0">All Tests</stat>
</total>
<tag>
</tag>
<suite>
<stat pass="1" fail="0" skip="0" id="s1" name="testePHA">testePHA</stat>
</suite>
</statistics>
<errors>
</errors>
</robot>
