<?xml version="1.0" encoding="UTF-8"?>
<robot generator="Robot 6.1.1 (Python 3.11.4 on win32)" generated="20230815 22:43:37.917" rpa="false" schemaversion="4">
<suite id="s1" name="Testepha" source="c:\Users\kassi\OneDrive\Área de Trabalho\pha\pha\testepha\testepha.robot">
<test id="s1-t1" name="Meu teste imprimindo um dicionário de pessoa" line="16">
<kw name="Logar no terminal um dicionário">
<kw name="Log To Console" library="BuiltIn">
<arg>Nome:${PESSOA.nome}</arg>
<doc>Logs the given message to the console.</doc>
<status status="PASS" starttime="20230815 22:43:38.061" endtime="20230815 22:43:38.068"/>
</kw>
<kw name="Log To Console" library="BuiltIn">
<arg>idade:${PESSOA.idade}</arg>
<doc>Logs the given message to the console.</doc>
<status status="PASS" starttime="20230815 22:43:38.070" endtime="20230815 22:43:38.074"/>
</kw>
<kw name="Log To Console" library="BuiltIn">
<arg>rua:${PESSOA.rua}</arg>
<doc>Logs the given message to the console.</doc>
<status status="PASS" starttime="20230815 22:43:38.075" endtime="20230815 22:43:38.083"/>
</kw>
<kw name="Log To Console" library="BuiltIn">
<arg>numero:${PESSOA.numero}</arg>
<doc>Logs the given message to the console.</doc>
<status status="PASS" starttime="20230815 22:43:38.084" endtime="20230815 22:43:38.089"/>
</kw>
<kw name="Log To Console" library="BuiltIn">
<arg>cep:${PESSOA.cep}</arg>
<doc>Logs the given message to the console.</doc>
<status status="PASS" starttime="20230815 22:43:38.092" endtime="20230815 22:43:38.096"/>
</kw>
<kw name="Log To Console" library="BuiltIn">
<arg>bairo:${PESSOA.bairro}</arg>
<doc>Logs the given message to the console.</doc>
<status status="PASS" starttime="20230815 22:43:38.097" endtime="20230815 22:43:38.102"/>
</kw>
<kw name="Log To Console" library="BuiltIn">
<arg>cidade:${PESSOA.cidade}</arg>
<doc>Logs the given message to the console.</doc>
<status status="PASS" starttime="20230815 22:43:38.103" endtime="20230815 22:43:38.132"/>
</kw>
<kw name="Log To Console" library="BuiltIn">
<arg>estado:${PESSOA.estado}</arg>
<doc>Logs the given message to the console.</doc>
<status status="PASS" starttime="20230815 22:43:38.133" endtime="20230815 22:43:38.137"/>
</kw>
<status status="PASS" starttime="20230815 22:43:38.057" endtime="20230815 22:43:38.137"/>
</kw>
<status status="PASS" starttime="20230815 22:43:38.053" endtime="20230815 22:43:38.140"/>
</test>
<test id="s1-t2" name="Meu teste de Argumentos e Retornos e If Simples" line="19">
<kw name="Logar no terminal uma mensagem de acordo com o ano de nascimento">
<kw name="Evaluate" library="BuiltIn">
<var>${result}</var>
<arg>int(${ano}) - int(${idade})</arg>
<doc>Evaluates the given expression in Python and returns the result.</doc>
<msg timestamp="20230815 22:43:38.153" level="INFO">${result} = 1995</msg>
<status status="PASS" starttime="20230815 22:43:38.151" endtime="20230815 22:43:38.160"/>
</kw>
<if>
<branch type="IF" condition="&quot;${idade}&quot; &gt;= &quot;23&quot;">
<kw name="Log To Console" library="BuiltIn">
<arg>Você nasceu no século passado: ${result}</arg>
<doc>Logs the given message to the console.</doc>
<status status="PASS" starttime="20230815 22:43:38.163" endtime="20230815 22:43:38.166"/>
</kw>
<status status="PASS" starttime="20230815 22:43:38.162" endtime="20230815 22:43:38.167"/>
</branch>
<branch type="ELSE">
<kw name="Log To Console" library="BuiltIn">
<arg>Seu ano de nascimento foi: ${result}</arg>
<doc>Logs the given message to the console.</doc>
<status status="NOT RUN" starttime="20230815 22:43:38.169" endtime="20230815 22:43:38.170"/>
</kw>
<status status="NOT RUN" starttime="20230815 22:43:38.168" endtime="20230815 22:43:38.170"/>
</branch>
<status status="PASS" starttime="20230815 22:43:38.162" endtime="20230815 22:43:38.171"/>
</if>
<status status="PASS" starttime="20230815 22:43:38.146" endtime="20230815 22:43:38.172"/>
</kw>
<status status="PASS" starttime="20230815 22:43:38.143" endtime="20230815 22:43:38.173"/>
</test>
<test id="s1-t3" name="Meu teste de for simples e lista de frutas" line="22">
<kw name="Logar no terminal uma lista de frutas">
<kw name="Log To Console" library="BuiltIn">
<arg>Lista de frutas</arg>
<doc>Logs the given message to the console.</doc>
<status status="PASS" starttime="20230815 22:43:38.180" endtime="20230815 22:43:38.183"/>
</kw>
<for flavor="IN">
<var>${fruta}</var>
<value>@{FRUTAS}</value>
<iter>
<var name="${fruta}">banana</var>
<kw name="Log To Console" library="BuiltIn">
<arg>${fruta}</arg>
<doc>Logs the given message to the console.</doc>
<status status="PASS" starttime="20230815 22:43:38.187" endtime="20230815 22:43:38.189"/>
</kw>
<status status="PASS" starttime="20230815 22:43:38.186" endtime="20230815 22:43:38.190"/>
</iter>
<iter>
<var name="${fruta}">abacaxi</var>
<kw name="Log To Console" library="BuiltIn">
<arg>${fruta}</arg>
<doc>Logs the given message to the console.</doc>
<status status="PASS" starttime="20230815 22:43:38.192" endtime="20230815 22:43:38.194"/>
</kw>
<status status="PASS" starttime="20230815 22:43:38.191" endtime="20230815 22:43:38.195"/>
</iter>
<iter>
<var name="${fruta}">morango</var>
<kw name="Log To Console" library="BuiltIn">
<arg>${fruta}</arg>
<doc>Logs the given message to the console.</doc>
<status status="PASS" starttime="20230815 22:43:38.197" endtime="20230815 22:43:38.198"/>
</kw>
<status status="PASS" starttime="20230815 22:43:38.196" endtime="20230815 22:43:38.199"/>
</iter>
<iter>
<var name="${fruta}">maça</var>
<kw name="Log To Console" library="BuiltIn">
<arg>${fruta}</arg>
<doc>Logs the given message to the console.</doc>
<status status="PASS" starttime="20230815 22:43:38.202" endtime="20230815 22:43:38.205"/>
</kw>
<status status="PASS" starttime="20230815 22:43:38.201" endtime="20230815 22:43:38.205"/>
</iter>
<status status="PASS" starttime="20230815 22:43:38.184" endtime="20230815 22:43:38.206"/>
</for>
<status status="PASS" starttime="20230815 22:43:38.179" endtime="20230815 22:43:38.207"/>
</kw>
<status status="PASS" starttime="20230815 22:43:38.176" endtime="20230815 22:43:38.208"/>
</test>
<test id="s1-t4" name="Meu teste de loop contar números pares" line="25">
<kw name="Logar no terminal números pares">
<for flavor="IN RANGE">
<var>${num}</var>
<value>11</value>
<iter>
<var name="${num}">0</var>
<kw name="Evaluate" library="BuiltIn">
<var>${result}</var>
<arg>int(${num})%int(2)</arg>
<doc>Evaluates the given expression in Python and returns the result.</doc>
<msg timestamp="20230815 22:43:38.221" level="INFO">${result} = 0</msg>
<status status="PASS" starttime="20230815 22:43:38.219" endtime="20230815 22:43:38.221"/>
</kw>
<if>
<branch type="IF" condition="int(0)==${result}">
<kw name="Log To Console" library="BuiltIn">
<arg>${num}</arg>
<doc>Logs the given message to the console.</doc>
<status status="PASS" starttime="20230815 22:43:38.224" endtime="20230815 22:43:38.225"/>
</kw>
<status status="PASS" starttime="20230815 22:43:38.222" endtime="20230815 22:43:38.226"/>
</branch>
<status status="PASS" starttime="20230815 22:43:38.222" endtime="20230815 22:43:38.227"/>
</if>
<status status="PASS" starttime="20230815 22:43:38.218" endtime="20230815 22:43:38.227"/>
</iter>
<iter>
<var name="${num}">1</var>
<kw name="Evaluate" library="BuiltIn">
<var>${result}</var>
<arg>int(${num})%int(2)</arg>
<doc>Evaluates the given expression in Python and returns the result.</doc>
<msg timestamp="20230815 22:43:38.230" level="INFO">${result} = 1</msg>
<status status="PASS" starttime="20230815 22:43:38.228" endtime="20230815 22:43:38.230"/>
</kw>
<if>
<branch type="IF" condition="int(0)==${result}">
<kw name="Log To Console" library="BuiltIn">
<arg>${num}</arg>
<doc>Logs the given message to the console.</doc>
<status status="NOT RUN" starttime="20230815 22:43:38.235" endtime="20230815 22:43:38.236"/>
</kw>
<status status="NOT RUN" starttime="20230815 22:43:38.231" endtime="20230815 22:43:38.238"/>
</branch>
<status status="PASS" starttime="20230815 22:43:38.231" endtime="20230815 22:43:38.238"/>
</if>
<status status="PASS" starttime="20230815 22:43:38.228" endtime="20230815 22:43:38.238"/>
</iter>
<iter>
<var name="${num}">2</var>
<kw name="Evaluate" library="BuiltIn">
<var>${result}</var>
<arg>int(${num})%int(2)</arg>
<doc>Evaluates the given expression in Python and returns the result.</doc>
<msg timestamp="20230815 22:43:38.242" level="INFO">${result} = 0</msg>
<status status="PASS" starttime="20230815 22:43:38.241" endtime="20230815 22:43:38.243"/>
</kw>
<if>
<branch type="IF" condition="int(0)==${result}">
<kw name="Log To Console" library="BuiltIn">
<arg>${num}</arg>
<doc>Logs the given message to the console.</doc>
<status status="PASS" starttime="20230815 22:43:38.244" endtime="20230815 22:43:38.246"/>
</kw>
<status status="PASS" starttime="20230815 22:43:38.244" endtime="20230815 22:43:38.247"/>
</branch>
<status status="PASS" starttime="20230815 22:43:38.243" endtime="20230815 22:43:38.248"/>
</if>
<status status="PASS" starttime="20230815 22:43:38.239" endtime="20230815 22:43:38.248"/>
</iter>
<iter>
<var name="${num}">3</var>
<kw name="Evaluate" library="BuiltIn">
<var>${result}</var>
<arg>int(${num})%int(2)</arg>
<doc>Evaluates the given expression in Python and returns the result.</doc>
<msg timestamp="20230815 22:43:38.253" level="INFO">${result} = 1</msg>
<status status="PASS" starttime="20230815 22:43:38.251" endtime="20230815 22:43:38.253"/>
</kw>
<if>
<branch type="IF" condition="int(0)==${result}">
<kw name="Log To Console" library="BuiltIn">
<arg>${num}</arg>
<doc>Logs the given message to the console.</doc>
<status status="NOT RUN" starttime="20230815 22:43:38.256" endtime="20230815 22:43:38.256"/>
</kw>
<status status="NOT RUN" starttime="20230815 22:43:38.254" endtime="20230815 22:43:38.257"/>
</branch>
<status status="PASS" starttime="20230815 22:43:38.254" endtime="20230815 22:43:38.257"/>
</if>
<status status="PASS" starttime="20230815 22:43:38.250" endtime="20230815 22:43:38.257"/>
</iter>
<iter>
<var name="${num}">4</var>
<kw name="Evaluate" library="BuiltIn">
<var>${result}</var>
<arg>int(${num})%int(2)</arg>
<doc>Evaluates the given expression in Python and returns the result.</doc>
<msg timestamp="20230815 22:43:38.260" level="INFO">${result} = 0</msg>
<status status="PASS" starttime="20230815 22:43:38.259" endtime="20230815 22:43:38.260"/>
</kw>
<if>
<branch type="IF" condition="int(0)==${result}">
<kw name="Log To Console" library="BuiltIn">
<arg>${num}</arg>
<doc>Logs the given message to the console.</doc>
<status status="PASS" starttime="20230815 22:43:38.262" endtime="20230815 22:43:38.263"/>
</kw>
<status status="PASS" starttime="20230815 22:43:38.261" endtime="20230815 22:43:38.264"/>
</branch>
<status status="PASS" starttime="20230815 22:43:38.261" endtime="20230815 22:43:38.264"/>
</if>
<status status="PASS" starttime="20230815 22:43:38.258" endtime="20230815 22:43:38.266"/>
</iter>
<iter>
<var name="${num}">5</var>
<kw name="Evaluate" library="BuiltIn">
<var>${result}</var>
<arg>int(${num})%int(2)</arg>
<doc>Evaluates the given expression in Python and returns the result.</doc>
<msg timestamp="20230815 22:43:38.270" level="INFO">${result} = 1</msg>
<status status="PASS" starttime="20230815 22:43:38.269" endtime="20230815 22:43:38.270"/>
</kw>
<if>
<branch type="IF" condition="int(0)==${result}">
<kw name="Log To Console" library="BuiltIn">
<arg>${num}</arg>
<doc>Logs the given message to the console.</doc>
<status status="NOT RUN" starttime="20230815 22:43:38.272" endtime="20230815 22:43:38.273"/>
</kw>
<status status="NOT RUN" starttime="20230815 22:43:38.272" endtime="20230815 22:43:38.273"/>
</branch>
<status status="PASS" starttime="20230815 22:43:38.271" endtime="20230815 22:43:38.274"/>
</if>
<status status="PASS" starttime="20230815 22:43:38.268" endtime="20230815 22:43:38.274"/>
</iter>
<iter>
<var name="${num}">6</var>
<kw name="Evaluate" library="BuiltIn">
<var>${result}</var>
<arg>int(${num})%int(2)</arg>
<doc>Evaluates the given expression in Python and returns the result.</doc>
<msg timestamp="20230815 22:43:38.277" level="INFO">${result} = 0</msg>
<status status="PASS" starttime="20230815 22:43:38.276" endtime="20230815 22:43:38.277"/>
</kw>
<if>
<branch type="IF" condition="int(0)==${result}">
<kw name="Log To Console" library="BuiltIn">
<arg>${num}</arg>
<doc>Logs the given message to the console.</doc>
<status status="PASS" starttime="20230815 22:43:38.279" endtime="20230815 22:43:38.282"/>
</kw>
<status status="PASS" starttime="20230815 22:43:38.278" endtime="20230815 22:43:38.283"/>
</branch>
<status status="PASS" starttime="20230815 22:43:38.278" endtime="20230815 22:43:38.285"/>
</if>
<status status="PASS" starttime="20230815 22:43:38.274" endtime="20230815 22:43:38.285"/>
</iter>
<iter>
<var name="${num}">7</var>
<kw name="Evaluate" library="BuiltIn">
<var>${result}</var>
<arg>int(${num})%int(2)</arg>
<doc>Evaluates the given expression in Python and returns the result.</doc>
<msg timestamp="20230815 22:43:38.288" level="INFO">${result} = 1</msg>
<status status="PASS" starttime="20230815 22:43:38.286" endtime="20230815 22:43:38.289"/>
</kw>
<if>
<branch type="IF" condition="int(0)==${result}">
<kw name="Log To Console" library="BuiltIn">
<arg>${num}</arg>
<doc>Logs the given message to the console.</doc>
<status status="NOT RUN" starttime="20230815 22:43:38.290" endtime="20230815 22:43:38.291"/>
</kw>
<status status="NOT RUN" starttime="20230815 22:43:38.289" endtime="20230815 22:43:38.292"/>
</branch>
<status status="PASS" starttime="20230815 22:43:38.289" endtime="20230815 22:43:38.292"/>
</if>
<status status="PASS" starttime="20230815 22:43:38.285" endtime="20230815 22:43:38.292"/>
</iter>
<iter>
<var name="${num}">8</var>
<kw name="Evaluate" library="BuiltIn">
<var>${result}</var>
<arg>int(${num})%int(2)</arg>
<doc>Evaluates the given expression in Python and returns the result.</doc>
<msg timestamp="20230815 22:43:38.296" level="INFO">${result} = 0</msg>
<status status="PASS" starttime="20230815 22:43:38.294" endtime="20230815 22:43:38.297"/>
</kw>
<if>
<branch type="IF" condition="int(0)==${result}">
<kw name="Log To Console" library="BuiltIn">
<arg>${num}</arg>
<doc>Logs the given message to the console.</doc>
<status status="PASS" starttime="20230815 22:43:38.302" endtime="20230815 22:43:38.304"/>
</kw>
<status status="PASS" starttime="20230815 22:43:38.297" endtime="20230815 22:43:38.304"/>
</branch>
<status status="PASS" starttime="20230815 22:43:38.297" endtime="20230815 22:43:38.305"/>
</if>
<status status="PASS" starttime="20230815 22:43:38.293" endtime="20230815 22:43:38.305"/>
</iter>
<iter>
<var name="${num}">9</var>
<kw name="Evaluate" library="BuiltIn">
<var>${result}</var>
<arg>int(${num})%int(2)</arg>
<doc>Evaluates the given expression in Python and returns the result.</doc>
<msg timestamp="20230815 22:43:38.308" level="INFO">${result} = 1</msg>
<status status="PASS" starttime="20230815 22:43:38.307" endtime="20230815 22:43:38.309"/>
</kw>
<if>
<branch type="IF" condition="int(0)==${result}">
<kw name="Log To Console" library="BuiltIn">
<arg>${num}</arg>
<doc>Logs the given message to the console.</doc>
<status status="NOT RUN" starttime="20230815 22:43:38.310" endtime="20230815 22:43:38.311"/>
</kw>
<status status="NOT RUN" starttime="20230815 22:43:38.309" endtime="20230815 22:43:38.311"/>
</branch>
<status status="PASS" starttime="20230815 22:43:38.309" endtime="20230815 22:43:38.312"/>
</if>
<status status="PASS" starttime="20230815 22:43:38.306" endtime="20230815 22:43:38.312"/>
</iter>
<iter>
<var name="${num}">10</var>
<kw name="Evaluate" library="BuiltIn">
<var>${result}</var>
<arg>int(${num})%int(2)</arg>
<doc>Evaluates the given expression in Python and returns the result.</doc>
<msg timestamp="20230815 22:43:38.316" level="INFO">${result} = 0</msg>
<status status="PASS" starttime="20230815 22:43:38.313" endtime="20230815 22:43:38.317"/>
</kw>
<if>
<branch type="IF" condition="int(0)==${result}">
<kw name="Log To Console" library="BuiltIn">
<arg>${num}</arg>
<doc>Logs the given message to the console.</doc>
<status status="PASS" starttime="20230815 22:43:38.318" endtime="20230815 22:43:38.320"/>
</kw>
<status status="PASS" starttime="20230815 22:43:38.317" endtime="20230815 22:43:38.321"/>
</branch>
<status status="PASS" starttime="20230815 22:43:38.317" endtime="20230815 22:43:38.321"/>
</if>
<status status="PASS" starttime="20230815 22:43:38.313" endtime="20230815 22:43:38.321"/>
</iter>
<status status="PASS" starttime="20230815 22:43:38.217" endtime="20230815 22:43:38.322"/>
</for>
<status status="PASS" starttime="20230815 22:43:38.213" endtime="20230815 22:43:38.323"/>
</kw>
<status status="PASS" starttime="20230815 22:43:38.210" endtime="20230815 22:43:38.324"/>
</test>
<test id="s1-t5" name="Logar no terminal apenas números da lista" line="28">
<kw name="Logar no terminal apenas números da lista">
<kw name="Create List" library="BuiltIn">
<var>@{LISTARESPOSTA}</var>
<doc>Returns a list containing given items.</doc>
<msg timestamp="20230815 22:43:38.336" level="INFO">@{LISTARESPOSTA} = [ ]</msg>
<status status="PASS" starttime="20230815 22:43:38.335" endtime="20230815 22:43:38.337"/>
</kw>
<for flavor="IN">
<var>${simbol}</var>
<value>@{LETRASENUMEROS}</value>
<iter>
<var name="${simbol}">"A"</var>
<try>
<branch type="TRY">
<kw name="Evaluate" library="BuiltIn">
<arg>${simbol} + 1</arg>
<doc>Evaluates the given expression in Python and returns the result.</doc>
<msg timestamp="20230815 22:43:38.342" level="FAIL">Evaluating expression '"A" + 1' failed: TypeError: can only concatenate str (not "int") to str</msg>
<status status="FAIL" starttime="20230815 22:43:38.340" endtime="20230815 22:43:38.345"/>
</kw>
<kw name="Append To List" library="Collections">
<arg>${LISTARESPOSTA}</arg>
<arg>${simbol}</arg>
<doc>Adds ``values`` to the end of ``list``.</doc>
<status status="NOT RUN" starttime="20230815 22:43:38.347" endtime="20230815 22:43:38.348"/>
</kw>
<kw name="Log To Console" library="BuiltIn">
<arg>Numero adicionado a lista: ${simbol}</arg>
<doc>Logs the given message to the console.</doc>
<status status="NOT RUN" starttime="20230815 22:43:38.350" endtime="20230815 22:43:38.350"/>
</kw>
<status status="FAIL" starttime="20230815 22:43:38.339" endtime="20230815 22:43:38.351"/>
</branch>
<branch type="EXCEPT">
<kw name="Log To Console" library="BuiltIn">
<arg>Não adicionado pois não é número: ${simbol}</arg>
<doc>Logs the given message to the console.</doc>
<status status="PASS" starttime="20230815 22:43:38.353" endtime="20230815 22:43:38.355"/>
</kw>
<status status="PASS" starttime="20230815 22:43:38.352" endtime="20230815 22:43:38.356"/>
</branch>
<branch type="FINALLY">
<kw name="Log To Console" library="BuiltIn">
<arg>Lista de apenas números @{LISTARESPOSTA}</arg>
<doc>Logs the given message to the console.</doc>
<status status="PASS" starttime="20230815 22:43:38.358" endtime="20230815 22:43:38.360"/>
</kw>
<status status="PASS" starttime="20230815 22:43:38.357" endtime="20230815 22:43:38.361"/>
</branch>
<status status="PASS" starttime="20230815 22:43:38.339" endtime="20230815 22:43:38.362"/>
</try>
<status status="PASS" starttime="20230815 22:43:38.339" endtime="20230815 22:43:38.362"/>
</iter>
<iter>
<var name="${simbol}">1</var>
<try>
<branch type="TRY">
<kw name="Evaluate" library="BuiltIn">
<arg>${simbol} + 1</arg>
<doc>Evaluates the given expression in Python and returns the result.</doc>
<status status="PASS" starttime="20230815 22:43:38.364" endtime="20230815 22:43:38.369"/>
</kw>
<kw name="Append To List" library="Collections">
<arg>${LISTARESPOSTA}</arg>
<arg>${simbol}</arg>
<doc>Adds ``values`` to the end of ``list``.</doc>
<status status="PASS" starttime="20230815 22:43:38.371" endtime="20230815 22:43:38.373"/>
</kw>
<kw name="Log To Console" library="BuiltIn">
<arg>Numero adicionado a lista: ${simbol}</arg>
<doc>Logs the given message to the console.</doc>
<status status="PASS" starttime="20230815 22:43:38.374" endtime="20230815 22:43:38.376"/>
</kw>
<status status="PASS" starttime="20230815 22:43:38.364" endtime="20230815 22:43:38.377"/>
</branch>
<branch type="EXCEPT">
<kw name="Log To Console" library="BuiltIn">
<arg>Não adicionado pois não é número: ${simbol}</arg>
<doc>Logs the given message to the console.</doc>
<status status="NOT RUN" starttime="20230815 22:43:38.378" endtime="20230815 22:43:38.379"/>
</kw>
<status status="NOT RUN" starttime="20230815 22:43:38.378" endtime="20230815 22:43:38.379"/>
</branch>
<branch type="FINALLY">
<kw name="Log To Console" library="BuiltIn">
<arg>Lista de apenas números @{LISTARESPOSTA}</arg>
<doc>Logs the given message to the console.</doc>
<status status="PASS" starttime="20230815 22:43:38.381" endtime="20230815 22:43:38.383"/>
</kw>
<status status="PASS" starttime="20230815 22:43:38.380" endtime="20230815 22:43:38.384"/>
</branch>
<status status="PASS" starttime="20230815 22:43:38.363" endtime="20230815 22:43:38.385"/>
</try>
<status status="PASS" starttime="20230815 22:43:38.363" endtime="20230815 22:43:38.385"/>
</iter>
<iter>
<var name="${simbol}">"B"</var>
<try>
<branch type="TRY">
<kw name="Evaluate" library="BuiltIn">
<arg>${simbol} + 1</arg>
<doc>Evaluates the given expression in Python and returns the result.</doc>
<msg timestamp="20230815 22:43:38.389" level="FAIL">Evaluating expression '"B" + 1' failed: TypeError: can only concatenate str (not "int") to str</msg>
<status status="FAIL" starttime="20230815 22:43:38.388" endtime="20230815 22:43:38.390"/>
</kw>
<kw name="Append To List" library="Collections">
<arg>${LISTARESPOSTA}</arg>
<arg>${simbol}</arg>
<doc>Adds ``values`` to the end of ``list``.</doc>
<status status="NOT RUN" starttime="20230815 22:43:38.391" endtime="20230815 22:43:38.391"/>
</kw>
<kw name="Log To Console" library="BuiltIn">
<arg>Numero adicionado a lista: ${simbol}</arg>
<doc>Logs the given message to the console.</doc>
<status status="NOT RUN" starttime="20230815 22:43:38.392" endtime="20230815 22:43:38.392"/>
</kw>
<status status="FAIL" starttime="20230815 22:43:38.387" endtime="20230815 22:43:38.393"/>
</branch>
<branch type="EXCEPT">
<kw name="Log To Console" library="BuiltIn">
<arg>Não adicionado pois não é número: ${simbol}</arg>
<doc>Logs the given message to the console.</doc>
<status status="PASS" starttime="20230815 22:43:38.394" endtime="20230815 22:43:38.396"/>
</kw>
<status status="PASS" starttime="20230815 22:43:38.393" endtime="20230815 22:43:38.397"/>
</branch>
<branch type="FINALLY">
<kw name="Log To Console" library="BuiltIn">
<arg>Lista de apenas números @{LISTARESPOSTA}</arg>
<doc>Logs the given message to the console.</doc>
<status status="PASS" starttime="20230815 22:43:38.401" endtime="20230815 22:43:38.403"/>
</kw>
<status status="PASS" starttime="20230815 22:43:38.399" endtime="20230815 22:43:38.403"/>
</branch>
<status status="PASS" starttime="20230815 22:43:38.387" endtime="20230815 22:43:38.404"/>
</try>
<status status="PASS" starttime="20230815 22:43:38.386" endtime="20230815 22:43:38.404"/>
</iter>
<iter>
<var name="${simbol}">2</var>
<try>
<branch type="TRY">
<kw name="Evaluate" library="BuiltIn">
<arg>${simbol} + 1</arg>
<doc>Evaluates the given expression in Python and returns the result.</doc>
<status status="PASS" starttime="20230815 22:43:38.406" endtime="20230815 22:43:38.407"/>
</kw>
<kw name="Append To List" library="Collections">
<arg>${LISTARESPOSTA}</arg>
<arg>${simbol}</arg>
<doc>Adds ``values`` to the end of ``list``.</doc>
<status status="PASS" starttime="20230815 22:43:38.408" endtime="20230815 22:43:38.409"/>
</kw>
<kw name="Log To Console" library="BuiltIn">
<arg>Numero adicionado a lista: ${simbol}</arg>
<doc>Logs the given message to the console.</doc>
<status status="PASS" starttime="20230815 22:43:38.410" endtime="20230815 22:43:38.411"/>
</kw>
<status status="PASS" starttime="20230815 22:43:38.405" endtime="20230815 22:43:38.413"/>
</branch>
<branch type="EXCEPT">
<kw name="Log To Console" library="BuiltIn">
<arg>Não adicionado pois não é número: ${simbol}</arg>
<doc>Logs the given message to the console.</doc>
<status status="NOT RUN" starttime="20230815 22:43:38.413" endtime="20230815 22:43:38.416"/>
</kw>
<status status="NOT RUN" starttime="20230815 22:43:38.413" endtime="20230815 22:43:38.417"/>
</branch>
<branch type="FINALLY">
<kw name="Log To Console" library="BuiltIn">
<arg>Lista de apenas números @{LISTARESPOSTA}</arg>
<doc>Logs the given message to the console.</doc>
<status status="PASS" starttime="20230815 22:43:38.419" endtime="20230815 22:43:38.420"/>
</kw>
<status status="PASS" starttime="20230815 22:43:38.418" endtime="20230815 22:43:38.420"/>
</branch>
<status status="PASS" starttime="20230815 22:43:38.405" endtime="20230815 22:43:38.421"/>
</try>
<status status="PASS" starttime="20230815 22:43:38.404" endtime="20230815 22:43:38.423"/>
</iter>
<iter>
<var name="${simbol}">"C"</var>
<try>
<branch type="TRY">
<kw name="Evaluate" library="BuiltIn">
<arg>${simbol} + 1</arg>
<doc>Evaluates the given expression in Python and returns the result.</doc>
<msg timestamp="20230815 22:43:38.427" level="FAIL">Evaluating expression '"C" + 1' failed: TypeError: can only concatenate str (not "int") to str</msg>
<status status="FAIL" starttime="20230815 22:43:38.425" endtime="20230815 22:43:38.428"/>
</kw>
<kw name="Append To List" library="Collections">
<arg>${LISTARESPOSTA}</arg>
<arg>${simbol}</arg>
<doc>Adds ``values`` to the end of ``list``.</doc>
<status status="NOT RUN" starttime="20230815 22:43:38.428" endtime="20230815 22:43:38.429"/>
</kw>
<kw name="Log To Console" library="BuiltIn">
<arg>Numero adicionado a lista: ${simbol}</arg>
<doc>Logs the given message to the console.</doc>
<status status="NOT RUN" starttime="20230815 22:43:38.429" endtime="20230815 22:43:38.430"/>
</kw>
<status status="FAIL" starttime="20230815 22:43:38.424" endtime="20230815 22:43:38.430"/>
</branch>
<branch type="EXCEPT">
<kw name="Log To Console" library="BuiltIn">
<arg>Não adicionado pois não é número: ${simbol}</arg>
<doc>Logs the given message to the console.</doc>
<status status="PASS" starttime="20230815 22:43:38.433" endtime="20230815 22:43:38.436"/>
</kw>
<status status="PASS" starttime="20230815 22:43:38.432" endtime="20230815 22:43:38.436"/>
</branch>
<branch type="FINALLY">
<kw name="Log To Console" library="BuiltIn">
<arg>Lista de apenas números @{LISTARESPOSTA}</arg>
<doc>Logs the given message to the console.</doc>
<status status="PASS" starttime="20230815 22:43:38.438" endtime="20230815 22:43:38.440"/>
</kw>
<status status="PASS" starttime="20230815 22:43:38.437" endtime="20230815 22:43:38.441"/>
</branch>
<status status="PASS" starttime="20230815 22:43:38.424" endtime="20230815 22:43:38.442"/>
</try>
<status status="PASS" starttime="20230815 22:43:38.424" endtime="20230815 22:43:38.442"/>
</iter>
<iter>
<var name="${simbol}">3</var>
<try>
<branch type="TRY">
<kw name="Evaluate" library="BuiltIn">
<arg>${simbol} + 1</arg>
<doc>Evaluates the given expression in Python and returns the result.</doc>
<status status="PASS" starttime="20230815 22:43:38.445" endtime="20230815 22:43:38.446"/>
</kw>
<kw name="Append To List" library="Collections">
<arg>${LISTARESPOSTA}</arg>
<arg>${simbol}</arg>
<doc>Adds ``values`` to the end of ``list``.</doc>
<status status="PASS" starttime="20230815 22:43:38.446" endtime="20230815 22:43:38.448"/>
</kw>
<kw name="Log To Console" library="BuiltIn">
<arg>Numero adicionado a lista: ${simbol}</arg>
<doc>Logs the given message to the console.</doc>
<status status="PASS" starttime="20230815 22:43:38.449" endtime="20230815 22:43:38.451"/>
</kw>
<status status="PASS" starttime="20230815 22:43:38.444" endtime="20230815 22:43:38.452"/>
</branch>
<branch type="EXCEPT">
<kw name="Log To Console" library="BuiltIn">
<arg>Não adicionado pois não é número: ${simbol}</arg>
<doc>Logs the given message to the console.</doc>
<status status="NOT RUN" starttime="20230815 22:43:38.454" endtime="20230815 22:43:38.456"/>
</kw>
<status status="NOT RUN" starttime="20230815 22:43:38.454" endtime="20230815 22:43:38.456"/>
</branch>
<branch type="FINALLY">
<kw name="Log To Console" library="BuiltIn">
<arg>Lista de apenas números @{LISTARESPOSTA}</arg>
<doc>Logs the given message to the console.</doc>
<status status="PASS" starttime="20230815 22:43:38.456" endtime="20230815 22:43:38.459"/>
</kw>
<status status="PASS" starttime="20230815 22:43:38.456" endtime="20230815 22:43:38.459"/>
</branch>
<status status="PASS" starttime="20230815 22:43:38.444" endtime="20230815 22:43:38.460"/>
</try>
<status status="PASS" starttime="20230815 22:43:38.443" endtime="20230815 22:43:38.460"/>
</iter>
<status status="PASS" starttime="20230815 22:43:38.337" endtime="20230815 22:43:38.462"/>
</for>
<status status="PASS" starttime="20230815 22:43:38.332" endtime="20230815 22:43:38.464"/>
</kw>
<status status="PASS" starttime="20230815 22:43:38.328" endtime="20230815 22:43:38.499"/>
</test>
<doc>Meu teste de automação com dicionário, Argumentos e Retornos, If Simples, For Simples, Lista, If Inline e For in Range.</doc>
<status status="PASS" starttime="20230815 22:43:37.931" endtime="20230815 22:43:38.503"/>
</suite>
<statistics>
<total>
<stat pass="5" fail="0" skip="0">All Tests</stat>
</total>
<tag>
</tag>
<suite>
<stat pass="5" fail="0" skip="0" id="s1" name="Testepha">Testepha</stat>
</suite>
</statistics>
<errors>
</errors>
</robot>
